<?xml version="1.0" encoding="UTF-8"?>
<!-- Generated by org.testng.reporters.JUnitXMLReporter -->
<testsuite ignored="0" hostname="DESKTOP-5A1L8O5" failures="0" tests="3" name="Test" time="79.144" errors="0" timestamp="2026-03-22T13:14:08 IST">
  <testcase classname="com.creatio.hrm.application.runner.ApplicationTestRunner" name="run" time="0.017"/>
  <testcase classname="io.cucumber.testng.AbstractTestNGCucumberTests" name="runScenario" time="59.284"/>
  <testcase classname="io.cucumber.testng.AbstractTestNGCucumberTests" name="runScenario" time="18.466"/>
</testsuite> <!-- Test -->
