<?xml version="1.0" encoding="UTF-8"?>
<testng-results ignored="0" total="3" passed="3" failed="0" skipped="0">
  <reporter-output>
  </reporter-output>
  <suite started-at="2026-03-22T13:12:49 IST" name="Suite" finished-at="2026-03-22T13:14:08 IST" duration-ms="79144">
    <groups>
      <group name="cucumber">
        <method signature="AbstractTestNGCucumberTests.runScenario(io.cucumber.testng.PickleWrapper,io.cucumber.testng.FeatureWrapper)[pri:0, instance:com.creatio.hrm.application.runner.ApplicationTestRunner@63475ace]" name="runScenario" class="io.cucumber.testng.AbstractTestNGCucumberTests"/>
      </group> <!-- cucumber -->
    </groups>
    <test started-at="2026-03-22T13:12:49 IST" name="Test" finished-at="2026-03-22T13:14:08 IST" duration-ms="79144">
      <class name="com.creatio.hrm.application.runner.ApplicationTestRunner">
        <test-method is-config="true" signature="setUpClass(org.testng.ITestContext)[pri:0, instance:com.creatio.hrm.application.runner.ApplicationTestRunner@63475ace]" started-at="2026-03-22T13:12:49 IST" name="setUpClass" finished-at="2026-03-22T13:12:51 IST" duration-ms="1234" status="PASS">
          <params>
            <param index="0">
              <value>
                <![CDATA[org.testng.TestRunner@2f2bff16]]>
              </value>
            </param>
          </params>
          <reporter-output>
          </reporter-output>
        </test-method> <!-- setUpClass -->
        <test-method signature="run()[pri:0, instance:com.creatio.hrm.application.runner.ApplicationTestRunner@63475ace]" started-at="2026-03-22T13:12:51 IST" name="run" finished-at="2026-03-22T13:12:51 IST" duration-ms="17" status="PASS">
          <reporter-output>
          </reporter-output>
        </test-method> <!-- run -->
        <test-method signature="runScenario(io.cucumber.testng.PickleWrapper,io.cucumber.testng.FeatureWrapper)[pri:0, instance:com.creatio.hrm.application.runner.ApplicationTestRunner@63475ace]" started-at="2026-03-22T13:12:51 IST" name="runScenario" description="Runs Cucumber Scenarios" data-provider="scenarios" finished-at="2026-03-22T13:13:50 IST" duration-ms="59284" status="PASS">
          <params>
            <param index="0">
              <value>
                <![CDATA["Verify login functionality with Valid"]]>
              </value>
            </param>
            <param index="1">
              <value>
                <![CDATA["Login feature in OrangeHRM"]]>
              </value>
            </param>
          </params>
          <reporter-output>
          </reporter-output>
        </test-method> <!-- runScenario -->
        <test-method signature="runScenario(io.cucumber.testng.PickleWrapper,io.cucumber.testng.FeatureWrapper)[pri:0, instance:com.creatio.hrm.application.runner.ApplicationTestRunner@63475ace]" started-at="2026-03-22T13:13:50 IST" name="runScenario" description="Runs Cucumber Scenarios" data-provider="scenarios" finished-at="2026-03-22T13:14:08 IST" duration-ms="18466" status="PASS">
          <params>
            <param index="0">
              <value>
                <![CDATA["Verify logout functionality"]]>
              </value>
            </param>
            <param index="1">
              <value>
                <![CDATA["Login feature in OrangeHRM"]]>
              </value>
            </param>
          </params>
          <reporter-output>
          </reporter-output>
        </test-method> <!-- runScenario -->
        <test-method is-config="true" signature="tearDownClass()[pri:0, instance:com.creatio.hrm.application.runner.ApplicationTestRunner@63475ace]" started-at="2026-03-22T13:14:08 IST" name="tearDownClass" finished-at="2026-03-22T13:14:08 IST" duration-ms="45" status="PASS">
          <reporter-output>
          </reporter-output>
        </test-method> <!-- tearDownClass -->
      </class> <!-- com.creatio.hrm.application.runner.ApplicationTestRunner -->
    </test> <!-- Test -->
  </suite> <!-- Suite -->
</testng-results>
