<?xml version="1.0" encoding="UTF-8"?>
<!-- Generated by org.testng.reporters.JUnitReportReporter -->
<testsuite hostname="DESKTOP-5A1L8O5" failures="0" tests="3" name="com.creatio.hrm.application.runner.ApplicationTestRunner" time="77.767" errors="0" timestamp="2026-03-22T13:14:09 IST" skipped="0">
  <testcase classname="com.creatio.hrm.application.runner.ApplicationTestRunner" name="runScenario" time="59.284"/>
  <testcase classname="com.creatio.hrm.application.runner.ApplicationTestRunner" name="runScenario" time="18.466"/>
  <testcase classname="com.creatio.hrm.application.runner.ApplicationTestRunner" name="run" time="0.017"/>
</testsuite> <!-- com.creatio.hrm.application.runner.ApplicationTestRunner -->
